[debug] [2022-09-17T18:19:38.943Z] ----------------------------------------------------------------------
[debug] [2022-09-17T18:19:38.946Z] Command:       /Users/andytamayo/.nvm/versions/node/v16.13.0/bin/node /Users/andytamayo/.nvm/versions/node/v16.13.0/bin/firebase init
[debug] [2022-09-17T18:19:38.947Z] CLI Version:   11.9.0
[debug] [2022-09-17T18:19:38.947Z] Platform:      darwin
[debug] [2022-09-17T18:19:38.947Z] Node Version:  v16.13.0
[debug] [2022-09-17T18:19:38.949Z] Time:          Sat Sep 17 2022 12:19:38 GMT-0600 (hora estándar central)
[debug] [2022-09-17T18:19:38.949Z] ----------------------------------------------------------------------
[debug] 
[debug] [2022-09-17T18:19:39.027Z] > command requires scopes: ["email","openid","https://www.googleapis.com/auth/cloudplatformprojects.readonly","https://www.googleapis.com/auth/firebase","https://www.googleapis.com/auth/cloud-platform"]
[debug] [2022-09-17T18:19:39.027Z] > authorizing via signed-in user (horoandy@gmail.com)
[info] 
     ######## #### ########  ######## ########     ###     ######  ########
     ##        ##  ##     ## ##       ##     ##  ##   ##  ##       ##
     ######    ##  ########  ######   ########  #########  ######  ######
     ##        ##  ##    ##  ##       ##     ## ##     ##       ## ##
     ##       #### ##     ## ######## ########  ##     ##  ######  ########

You're about to initialize a Firebase project in this directory:

  /Users/andytamayo/Documents/Obras/Emprendimiento - Errores de Inicio/reader

Before we get started, keep in mind:

  * You are initializing within an existing Firebase project directory

[info] 
=== Project Setup
[info] 
[info] First, let's associate this project directory with a Firebase project.
[info] You can create multiple project aliases by running firebase use --add, 
[info] but for now we'll just set up a default project.
[info] 
[debug] [2022-09-17T18:19:41.489Z] Using project from CLI flag: libro-ecei
[debug] [2022-09-17T18:19:41.492Z] >>> [apiv2][query] GET https://firebase.googleapis.com/v1beta1/projects/libro-ecei [none]
[debug] [2022-09-17T18:19:41.987Z] <<< [apiv2][status] GET https://firebase.googleapis.com/v1beta1/projects/libro-ecei 403
[debug] [2022-09-17T18:19:41.988Z] <<< [apiv2][body] GET https://firebase.googleapis.com/v1beta1/projects/libro-ecei {"error":{"code":403,"message":"The caller does not have permission","status":"PERMISSION_DENIED"}}
[debug] [2022-09-17T18:19:41.989Z] HTTP Error: 403, The caller does not have permission
[debug] [2022-09-17T18:19:41.990Z] FirebaseError: HTTP Error: 403, The caller does not have permission
    at responseToError (/Users/andytamayo/.nvm/versions/node/v16.13.0/lib/node_modules/firebase-tools/lib/responseToError.js:49:12)
    at RetryOperation._fn (/Users/andytamayo/.nvm/versions/node/v16.13.0/lib/node_modules/firebase-tools/lib/apiv2.js:288:77)
    at processTicksAndRejections (node:internal/process/task_queues:96:5)
[error] 
[error] Error: Failed to get Firebase project libro-ecei. Please make sure the project exists and your account has permission to access it.
[debug] [2022-09-17T18:20:23.291Z] ----------------------------------------------------------------------
[debug] [2022-09-17T18:20:23.295Z] Command:       /Users/andytamayo/.nvm/versions/node/v16.13.0/bin/node /Users/andytamayo/.nvm/versions/node/v16.13.0/bin/firebase init
[debug] [2022-09-17T18:20:23.296Z] CLI Version:   11.9.0
[debug] [2022-09-17T18:20:23.296Z] Platform:      darwin
[debug] [2022-09-17T18:20:23.296Z] Node Version:  v16.13.0
[debug] [2022-09-17T18:20:23.298Z] Time:          Sat Sep 17 2022 12:20:23 GMT-0600 (hora estándar central)
[debug] [2022-09-17T18:20:23.299Z] ----------------------------------------------------------------------
[debug] 
[debug] [2022-09-17T18:20:23.386Z] > command requires scopes: ["email","openid","https://www.googleapis.com/auth/cloudplatformprojects.readonly","https://www.googleapis.com/auth/firebase","https://www.googleapis.com/auth/cloud-platform"]
[debug] [2022-09-17T18:20:23.386Z] > authorizing via signed-in user (horoandy@gmail.com)
[info] 
     ######## #### ########  ######## ########     ###     ######  ########
     ##        ##  ##     ## ##       ##     ##  ##   ##  ##       ##
     ######    ##  ########  ######   ########  #########  ######  ######
     ##        ##  ##    ##  ##       ##     ## ##     ##       ## ##
     ##       #### ##     ## ######## ########  ##     ##  ######  ########

You're about to initialize a Firebase project in this directory:

  /Users/andytamayo/Documents/Obras/Emprendimiento - Errores de Inicio/reader

Before we get started, keep in mind:

  * You are initializing within an existing Firebase project directory

[info] 
=== Project Setup
[info] 
[info] First, let's associate this project directory with a Firebase project.
[info] You can create multiple project aliases by running firebase use --add, 
[info] but for now we'll just set up a default project.
[info] 
[debug] [2022-09-17T18:20:26.095Z] Using project from CLI flag: libro-ecei
[debug] [2022-09-17T18:20:26.099Z] >>> [apiv2][query] GET https://firebase.googleapis.com/v1beta1/projects/libro-ecei [none]
[debug] [2022-09-17T18:20:26.574Z] <<< [apiv2][status] GET https://firebase.googleapis.com/v1beta1/projects/libro-ecei 403
[debug] [2022-09-17T18:20:26.574Z] <<< [apiv2][body] GET https://firebase.googleapis.com/v1beta1/projects/libro-ecei {"error":{"code":403,"message":"The caller does not have permission","status":"PERMISSION_DENIED"}}
[debug] [2022-09-17T18:20:26.575Z] HTTP Error: 403, The caller does not have permission
[debug] [2022-09-17T18:20:26.576Z] FirebaseError: HTTP Error: 403, The caller does not have permission
    at responseToError (/Users/andytamayo/.nvm/versions/node/v16.13.0/lib/node_modules/firebase-tools/lib/responseToError.js:49:12)
    at RetryOperation._fn (/Users/andytamayo/.nvm/versions/node/v16.13.0/lib/node_modules/firebase-tools/lib/apiv2.js:288:77)
    at processTicksAndRejections (node:internal/process/task_queues:96:5)
[error] 
[error] Error: Failed to get Firebase project libro-ecei. Please make sure the project exists and your account has permission to access it.
